[2026-04-08 12:50:02Z INFO HostContext] No proxy settings were found based on environmental variables (http_proxy/https_proxy/HTTP_PROXY/HTTPS_PROXY)
[2026-04-08 12:50:02Z INFO HostContext] Well known directory 'Bin': 'C:\Users\yjy00\OneDrive\바탕 화면\openswhw2\actions-runner\bin'
[2026-04-08 12:50:02Z INFO HostContext] Well known directory 'Root': 'C:\Users\yjy00\OneDrive\바탕 화면\openswhw2\actions-runner'
[2026-04-08 12:50:02Z INFO HostContext] Well known config file 'Credentials': 'C:\Users\yjy00\OneDrive\바탕 화면\openswhw2\actions-runner\.credentials'
[2026-04-08 12:50:02Z INFO HostContext] Well known directory 'Bin': 'C:\Users\yjy00\OneDrive\바탕 화면\openswhw2\actions-runner\bin'
[2026-04-08 12:50:02Z INFO HostContext] Well known directory 'Root': 'C:\Users\yjy00\OneDrive\바탕 화면\openswhw2\actions-runner'
[2026-04-08 12:50:02Z INFO HostContext] Well known config file 'Runner': 'C:\Users\yjy00\OneDrive\바탕 화면\openswhw2\actions-runner\.runner'
[2026-04-08 12:50:02Z INFO Listener] Runner is built for Windows (X64) - win-x64.
[2026-04-08 12:50:02Z INFO Listener] RuntimeInformation: Microsoft Windows 10.0.26200.
[2026-04-08 12:50:02Z INFO Listener] Version: 2.333.1
[2026-04-08 12:50:02Z INFO Listener] Commit: 6792966801e8925346735b68c03bf9f347af4646
[2026-04-08 12:50:02Z INFO Listener] Culture: ko-KR
[2026-04-08 12:50:02Z INFO Listener] UI Culture: ko-KR
[2026-04-08 12:50:02Z INFO HostContext] Well known directory 'Bin': 'C:\Users\yjy00\OneDrive\바탕 화면\openswhw2\actions-runner\bin'
[2026-04-08 12:50:02Z INFO HostContext] Well known directory 'Root': 'C:\Users\yjy00\OneDrive\바탕 화면\openswhw2\actions-runner'
[2026-04-08 12:50:02Z INFO Listener] Validating directory permissions for: 'C:\Users\yjy00\OneDrive\바탕 화면\openswhw2\actions-runner'
[2026-04-08 12:50:02Z INFO CommandLineParser] Parse
[2026-04-08 12:50:02Z INFO CommandLineParser] Parsing 1 args
[2026-04-08 12:50:02Z INFO CommandLineParser] parsing argument
[2026-04-08 12:50:02Z INFO CommandLineParser] HasArgs: False
[2026-04-08 12:50:02Z INFO CommandLineParser] Adding Command: run
[2026-04-08 12:50:02Z INFO Listener] Arguments parsed
[2026-04-08 12:50:02Z INFO Runner] ExecuteCommand
[2026-04-08 12:50:02Z INFO ConfigurationStore] currentAssemblyLocation: C:\Users\yjy00\OneDrive\바탕 화면\openswhw2\actions-runner\bin\Runner.Listener.dll
[2026-04-08 12:50:02Z INFO HostContext] Well known directory 'Bin': 'C:\Users\yjy00\OneDrive\바탕 화면\openswhw2\actions-runner\bin'
[2026-04-08 12:50:02Z INFO ConfigurationStore] binPath: C:\Users\yjy00\OneDrive\바탕 화면\openswhw2\actions-runner\bin
[2026-04-08 12:50:02Z INFO HostContext] Well known directory 'Bin': 'C:\Users\yjy00\OneDrive\바탕 화면\openswhw2\actions-runner\bin'
[2026-04-08 12:50:02Z INFO HostContext] Well known directory 'Root': 'C:\Users\yjy00\OneDrive\바탕 화면\openswhw2\actions-runner'
[2026-04-08 12:50:02Z INFO ConfigurationStore] RootFolder: C:\Users\yjy00\OneDrive\바탕 화면\openswhw2\actions-runner
[2026-04-08 12:50:02Z INFO HostContext] Well known directory 'Bin': 'C:\Users\yjy00\OneDrive\바탕 화면\openswhw2\actions-runner\bin'
[2026-04-08 12:50:02Z INFO HostContext] Well known directory 'Root': 'C:\Users\yjy00\OneDrive\바탕 화면\openswhw2\actions-runner'
[2026-04-08 12:50:02Z INFO HostContext] Well known config file 'Runner': 'C:\Users\yjy00\OneDrive\바탕 화면\openswhw2\actions-runner\.runner'
[2026-04-08 12:50:02Z INFO ConfigurationStore] ConfigFilePath: C:\Users\yjy00\OneDrive\바탕 화면\openswhw2\actions-runner\.runner
[2026-04-08 12:50:02Z INFO HostContext] Well known directory 'Bin': 'C:\Users\yjy00\OneDrive\바탕 화면\openswhw2\actions-runner\bin'
[2026-04-08 12:50:02Z INFO HostContext] Well known directory 'Root': 'C:\Users\yjy00\OneDrive\바탕 화면\openswhw2\actions-runner'
[2026-04-08 12:50:02Z INFO HostContext] Well known config file 'MigratedRunner': 'C:\Users\yjy00\OneDrive\바탕 화면\openswhw2\actions-runner\.runner_migrated'
[2026-04-08 12:50:02Z INFO ConfigurationStore] MigratedConfigFilePath: C:\Users\yjy00\OneDrive\바탕 화면\openswhw2\actions-runner\.runner_migrated
[2026-04-08 12:50:02Z INFO HostContext] Well known directory 'Bin': 'C:\Users\yjy00\OneDrive\바탕 화면\openswhw2\actions-runner\bin'
[2026-04-08 12:50:02Z INFO HostContext] Well known directory 'Root': 'C:\Users\yjy00\OneDrive\바탕 화면\openswhw2\actions-runner'
[2026-04-08 12:50:02Z INFO HostContext] Well known config file 'Credentials': 'C:\Users\yjy00\OneDrive\바탕 화면\openswhw2\actions-runner\.credentials'
[2026-04-08 12:50:02Z INFO ConfigurationStore] CredFilePath: C:\Users\yjy00\OneDrive\바탕 화면\openswhw2\actions-runner\.credentials
[2026-04-08 12:50:02Z INFO HostContext] Well known directory 'Bin': 'C:\Users\yjy00\OneDrive\바탕 화면\openswhw2\actions-runner\bin'
[2026-04-08 12:50:02Z INFO HostContext] Well known directory 'Root': 'C:\Users\yjy00\OneDrive\바탕 화면\openswhw2\actions-runner'
[2026-04-08 12:50:02Z INFO HostContext] Well known config file 'MigratedCredentials': 'C:\Users\yjy00\OneDrive\바탕 화면\openswhw2\actions-runner\.credentials_migrated'
[2026-04-08 12:50:02Z INFO ConfigurationStore] MigratedCredFilePath: C:\Users\yjy00\OneDrive\바탕 화면\openswhw2\actions-runner\.credentials_migrated
[2026-04-08 12:50:02Z INFO HostContext] Well known directory 'Bin': 'C:\Users\yjy00\OneDrive\바탕 화면\openswhw2\actions-runner\bin'
[2026-04-08 12:50:02Z INFO HostContext] Well known directory 'Root': 'C:\Users\yjy00\OneDrive\바탕 화면\openswhw2\actions-runner'
[2026-04-08 12:50:02Z INFO HostContext] Well known config file 'Service': 'C:\Users\yjy00\OneDrive\바탕 화면\openswhw2\actions-runner\.service'
[2026-04-08 12:50:02Z INFO ConfigurationStore] ServiceConfigFilePath: C:\Users\yjy00\OneDrive\바탕 화면\openswhw2\actions-runner\.service
[2026-04-08 12:50:02Z INFO CommandSettings] Flag 'help': 'False'
[2026-04-08 12:50:02Z INFO CommandSettings] Flag 'version': 'False'
[2026-04-08 12:50:02Z INFO CommandSettings] Flag 'commit': 'False'
[2026-04-08 12:50:02Z INFO CommandSettings] Flag 'check': 'False'
[2026-04-08 12:50:02Z INFO CommandSettings] Command 'configure': 'False'
[2026-04-08 12:50:02Z INFO CommandSettings] Command 'remove': 'False'
[2026-04-08 12:50:02Z INFO CommandSettings] Command 'warmup': 'False'
[2026-04-08 12:50:02Z INFO ConfigurationManager] LoadSettings
[2026-04-08 12:50:02Z INFO ConfigurationStore] IsConfigured()
[2026-04-08 12:50:02Z INFO ConfigurationStore] IsConfigured: True
[2026-04-08 12:50:02Z INFO ConfigurationManager] Is configured: True
[2026-04-08 12:50:02Z INFO ConfigurationStore] Read setting file: 395 chars
[2026-04-08 12:50:02Z INFO ConfigurationManager] Settings Loaded
[2026-04-08 12:50:02Z INFO ConfigurationStore] IsServiceConfigured()
[2026-04-08 12:50:02Z INFO ConfigurationStore] IsServiceConfigured: False
[2026-04-08 12:50:02Z INFO CommandSettings] Command 'run': 'True'
[2026-04-08 12:50:02Z INFO ConfigurationStore] IsConfigured()
[2026-04-08 12:50:02Z INFO ConfigurationStore] IsConfigured: True
[2026-04-08 12:50:02Z INFO ConfigurationManager] Is configured: True
[2026-04-08 12:50:02Z INFO Runner] Could not parse the argument value '' for StartupType. Defaulting to Manual
[2026-04-08 12:50:02Z INFO Runner] Set runner startup type - Manual
[2026-04-08 12:50:02Z INFO CommandSettings] Flag 'once': 'False'
[2026-04-08 12:50:02Z INFO CommandSettings] Flag 'once': 'False'
[2026-04-08 12:50:02Z INFO Runner] RunAsync
[2026-04-08 12:50:02Z INFO HostContext] Well known directory 'Bin': 'C:\Users\yjy00\OneDrive\바탕 화면\openswhw2\actions-runner\bin'
[2026-04-08 12:50:02Z INFO HostContext] Well known directory 'Root': 'C:\Users\yjy00\OneDrive\바탕 화면\openswhw2\actions-runner'
[2026-04-08 12:50:02Z INFO HostContext] Well known directory 'Work': 'C:\Users\yjy00\OneDrive\바탕 화면\openswhw2\actions-runner\_work'
[2026-04-08 12:50:02Z INFO Runner] Validating directory permissions for: 'C:\Users\yjy00\OneDrive\바탕 화면\openswhw2\actions-runner\_work'
[2026-04-08 12:50:02Z INFO ConfigurationManager] LoadMigratedSettings
[2026-04-08 12:50:02Z INFO ConfigurationStore] IsMigratedConfigured()
[2026-04-08 12:50:02Z INFO ConfigurationStore] IsMigratedConfigured: False
[2026-04-08 12:50:02Z INFO Runner] Failed to load migrated settings: No migrated configuration found.
[2026-04-08 12:50:02Z INFO Runner] Falling back to original .runner settings
[2026-04-08 12:50:02Z INFO Runner] Using BrokerMessageListener
[2026-04-08 12:50:02Z INFO BrokerMessageListener] Using provided settings
[2026-04-08 12:50:02Z INFO BrokerMessageListener] {
  "AgentId": 21,
  "AgentName": "JUNYOUNG",
  "PoolId": 1,
  "PoolName": "Default",
  "ServerUrl": "https://pipelinesghubeus11.actions.githubusercontent.com/5WB6xsPzEI6yezGxHwMUw3FUngI1UIjBMqH4EBWgZptgSy5H1l/",
  "GitHubUrl": "https://github.com/junyoungkhu/face-mlops",
  "WorkFolder": "_work",
  "UseV2Flow": true,
  "ServerUrlV2": "https://broker.actions.githubusercontent.com/"
}
[2026-04-08 12:50:02Z INFO BrokerMessageListener] Loading Credentials
[2026-04-08 12:50:02Z INFO ConfigurationStore] HasCredentials()
[2026-04-08 12:50:02Z INFO ConfigurationStore] stored True
[2026-04-08 12:50:02Z INFO CredentialManager] GetCredentialProvider
[2026-04-08 12:50:02Z INFO CredentialManager] Creating type OAuth
[2026-04-08 12:50:02Z INFO CredentialManager] Creating credential type: OAuth
[2026-04-08 12:50:02Z INFO HostContext] Well known directory 'Bin': 'C:\Users\yjy00\OneDrive\바탕 화면\openswhw2\actions-runner\bin'
[2026-04-08 12:50:02Z INFO HostContext] Well known directory 'Root': 'C:\Users\yjy00\OneDrive\바탕 화면\openswhw2\actions-runner'
[2026-04-08 12:50:02Z INFO HostContext] Well known config file 'RSACredentials': 'C:\Users\yjy00\OneDrive\바탕 화면\openswhw2\actions-runner\.credentials_rsaparams'
[2026-04-08 12:50:02Z INFO RSAEncryptedFileKeyManager] Loading RSA key parameters from file C:\Users\yjy00\OneDrive\바탕 화면\openswhw2\actions-runner\.credentials_rsaparams
[2026-04-08 12:50:03Z INFO BrokerMessageListener] Attempt to create session.
[2026-04-08 12:50:03Z INFO BrokerMessageListener] Connecting to the Broker Server...
[2026-04-08 12:50:03Z INFO ConfigurationStore] HasCredentials()
[2026-04-08 12:50:03Z INFO ConfigurationStore] stored True
[2026-04-08 12:50:03Z INFO CredentialManager] GetCredentialProvider
[2026-04-08 12:50:03Z INFO CredentialManager] Creating type OAuth
[2026-04-08 12:50:03Z INFO CredentialManager] Creating credential type: OAuth
[2026-04-08 12:50:03Z INFO RSAEncryptedFileKeyManager] Loading RSA key parameters from file C:\Users\yjy00\OneDrive\바탕 화면\openswhw2\actions-runner\.credentials_rsaparams
[2026-04-08 12:50:03Z INFO BrokerMessageListener] VssConnection created
[2026-04-08 12:50:03Z INFO BrokerMessageListener] Connecting to the Runner server...
[2026-04-08 12:50:03Z INFO RunnerServer] EstablishVssConnection
[2026-04-08 12:50:03Z INFO RunnerServer] Establish connection with 100 seconds timeout.
[2026-04-08 12:50:03Z INFO GitHubActionsService] Starting operation Location.GetConnectionData
[2026-04-08 12:50:03Z INFO RunnerServer] EstablishVssConnection
[2026-04-08 12:50:03Z INFO RunnerServer] Establish connection with 60 seconds timeout.
[2026-04-08 12:50:03Z INFO GitHubActionsService] Starting operation Location.GetConnectionData
[2026-04-08 12:50:03Z INFO RunnerServer] EstablishVssConnection
[2026-04-08 12:50:03Z INFO RunnerServer] Establish connection with 60 seconds timeout.
[2026-04-08 12:50:03Z INFO GitHubActionsService] Starting operation Location.GetConnectionData
[2026-04-08 12:50:04Z INFO GitHubActionsService] Finished operation Location.GetConnectionData
[2026-04-08 12:50:04Z INFO GitHubActionsService] Finished operation Location.GetConnectionData
[2026-04-08 12:50:04Z INFO GitHubActionsService] Finished operation Location.GetConnectionData
[2026-04-08 12:50:04Z INFO BrokerMessageListener] VssConnection created
[2026-04-08 12:50:04Z INFO Terminal] WRITE LINE: 
[2026-04-08 12:50:04Z INFO Terminal] WRITE LINE: 
[2026-04-08 12:50:04Z INFO RSAEncryptedFileKeyManager] Loading RSA key parameters from file C:\Users\yjy00\OneDrive\바탕 화면\openswhw2\actions-runner\.credentials_rsaparams
[2026-04-08 12:50:05Z INFO RSAEncryptedFileKeyManager] Loading RSA key parameters from file C:\Users\yjy00\OneDrive\바탕 화면\openswhw2\actions-runner\.credentials_rsaparams
[2026-04-08 12:50:06Z INFO GitHubActionsService] AAD Correlation ID for this token request: Unknown
[2026-04-08 12:50:07Z INFO BrokerMessageListener] Session created.
[2026-04-08 12:50:07Z INFO Terminal] WRITE LINE: Current runner version: '2.333.1'
[2026-04-08 12:50:07Z INFO Terminal] WRITE LINE: 2026-04-08 12:50:07Z: Listening for Jobs
[2026-04-08 12:50:07Z INFO JobDispatcher] Set runner/worker IPC timeout to 30 seconds.
[2026-04-08 12:58:40Z INFO BrokerMessageListener] Acknowledging runner request 'e6163e1b-e605-5d3d-81f3-21d7eecfbf6c'.
[2026-04-08 12:58:40Z INFO ConfigurationStore] HasCredentials()
[2026-04-08 12:58:40Z INFO ConfigurationStore] stored True
[2026-04-08 12:58:40Z INFO CredentialManager] GetCredentialProvider
[2026-04-08 12:58:40Z INFO CredentialManager] Creating type OAuth
[2026-04-08 12:58:40Z INFO CredentialManager] Creating credential type: OAuth
[2026-04-08 12:58:40Z INFO RSAEncryptedFileKeyManager] Loading RSA key parameters from file C:\Users\yjy00\OneDrive\바탕 화면\openswhw2\actions-runner\.credentials_rsaparams
[2026-04-08 12:58:40Z INFO RSAEncryptedFileKeyManager] Loading RSA key parameters from file C:\Users\yjy00\OneDrive\바탕 화면\openswhw2\actions-runner\.credentials_rsaparams
[2026-04-08 12:58:40Z INFO RSAEncryptedFileKeyManager] Loading RSA key parameters from file C:\Users\yjy00\OneDrive\바탕 화면\openswhw2\actions-runner\.credentials_rsaparams
[2026-04-08 12:58:41Z INFO GitHubActionsService] AAD Correlation ID for this token request: Unknown
[2026-04-08 12:58:43Z INFO JobDispatcher] Job request 0 for plan a01f9f06-30f6-4102-b2c5-e3d79d3edefd job e6163e1b-e605-5d3d-81f3-21d7eecfbf6c received.
[2026-04-08 12:58:43Z INFO JobDispatcher] Pull OrchestrationId a01f9f06-30f6-4102-b2c5-e3d79d3edefd.deploy.__default from JWT claims
[2026-04-08 12:58:43Z INFO BrokerMessageListener] Received job status event. JobState: Busy
[2026-04-08 12:58:43Z INFO BrokerMessageListener] _getMessagesTokenSource is already disposed.
[2026-04-08 12:58:43Z INFO Terminal] WRITE LINE: 2026-04-08 12:58:43Z: Running job: Deploy to Local Environment
[2026-04-08 12:58:43Z INFO JobDispatcher] Start renew job request 0 for job e6163e1b-e605-5d3d-81f3-21d7eecfbf6c.
[2026-04-08 12:58:43Z INFO JobDispatcher] Successfully renew job e6163e1b-e605-5d3d-81f3-21d7eecfbf6c, job is valid till 2026-04-08 오후 1:08:42
[2026-04-08 12:58:43Z INFO HostContext] Well known directory 'Bin': 'C:\Users\yjy00\OneDrive\바탕 화면\openswhw2\actions-runner\bin'
[2026-04-08 12:58:43Z INFO ProcessInvokerWrapper] Starting process:
[2026-04-08 12:58:43Z INFO ProcessInvokerWrapper]   File name: 'C:\Users\yjy00\OneDrive\바탕 화면\openswhw2\actions-runner\bin\Runner.Worker.exe'
[2026-04-08 12:58:43Z INFO ProcessInvokerWrapper]   Arguments: 'spawnclient 2308 1528'
[2026-04-08 12:58:43Z INFO ProcessInvokerWrapper]   Working directory: 'C:\Users\yjy00\OneDrive\바탕 화면\openswhw2\actions-runner\bin'
[2026-04-08 12:58:43Z INFO ProcessInvokerWrapper]   Require exit code zero: 'False'
[2026-04-08 12:58:43Z INFO ProcessInvokerWrapper]   Encoding web name:  ; code page: ''
[2026-04-08 12:58:43Z INFO ProcessInvokerWrapper]   Force kill process on cancellation: 'True'
[2026-04-08 12:58:43Z INFO ProcessInvokerWrapper]   Redirected STDIN: 'False'
[2026-04-08 12:58:43Z INFO ProcessInvokerWrapper]   Persist current code page: 'False'
[2026-04-08 12:58:43Z INFO ProcessInvokerWrapper]   Keep redirected STDIN open: 'False'
[2026-04-08 12:58:43Z INFO ProcessInvokerWrapper]   High priority process: 'True'
[2026-04-08 12:58:44Z INFO ProcessInvokerWrapper] Process started with process id 10132, waiting for process exit.
[2026-04-08 12:58:44Z INFO JobDispatcher] Send job request message to worker for job e6163e1b-e605-5d3d-81f3-21d7eecfbf6c.
[2026-04-08 12:58:44Z INFO ProcessChannel] Sending message of length 21965, with hash '66d771241e26ab6c033c04076359daeaa538fd651042690306061302cba176d7'
[2026-04-08 12:58:44Z INFO JobNotification] Entering JobStarted Notification
[2026-04-08 12:58:44Z INFO JobNotification] Entering StartMonitor
[2026-04-08 12:58:58Z INFO ProcessInvokerWrapper] STDOUT/STDERR stream read finished.
[2026-04-08 12:58:58Z INFO ProcessInvokerWrapper] STDOUT/STDERR stream read finished.
[2026-04-08 12:58:58Z INFO ProcessInvokerWrapper] Finished process 10132 with exit code 102, and elapsed time 00:00:14.9687251.
[2026-04-08 12:58:58Z INFO JobDispatcher] Worker finished for job e6163e1b-e605-5d3d-81f3-21d7eecfbf6c. Code: 102
[2026-04-08 12:58:58Z INFO JobDispatcher] finish job request for job e6163e1b-e605-5d3d-81f3-21d7eecfbf6c with result: Failed
[2026-04-08 12:58:58Z INFO Terminal] WRITE LINE: 2026-04-08 12:58:58Z: Job Deploy to Local Environment completed with result: Failed
[2026-04-08 12:58:58Z INFO JobDispatcher] Stop renew job request for job e6163e1b-e605-5d3d-81f3-21d7eecfbf6c.
[2026-04-08 12:58:58Z INFO JobDispatcher] job renew has been cancelled, stop renew job e6163e1b-e605-5d3d-81f3-21d7eecfbf6c.
[2026-04-08 12:58:58Z INFO JobNotification] Entering JobCompleted Notification
[2026-04-08 12:58:58Z INFO JobNotification] Entering EndMonitor
[2026-04-08 12:58:58Z INFO BrokerMessageListener] Received job status event. JobState: Online
[2026-04-08 12:58:58Z WARN GitHubActionsService] GET request to https://broker.actions.githubusercontent.com/message?sessionId=414254cd-7d53-4fd8-b6b0-a4c0e75c2a2f&status=Busy&runnerVersion=2.333.1&os=Windows&architecture=X64&disableUpdate=false has been cancelled.
[2026-04-08 12:58:58Z ERR  BrokerServer] Catch exception during request
[2026-04-08 12:58:58Z ERR  BrokerServer] System.Threading.Tasks.TaskCanceledException: The operation was canceled.
 ---> System.Threading.Tasks.TaskCanceledException: The operation was canceled.
 ---> System.IO.IOException: Unable to read data from the transport connection: 스레드 종료 또는 응용 프로그램 요청 때문에 I/O 작업이 취소되었습니다..
 ---> System.Net.Sockets.SocketException (995): 스레드 종료 또는 응용 프로그램 요청 때문에 I/O 작업이 취소되었습니다.
   --- End of inner exception stack trace ---
   at System.Net.Sockets.Socket.AwaitableSocketAsyncEventArgs.ThrowException(SocketError error, CancellationToken cancellationToken)
   at System.Net.Sockets.Socket.AwaitableSocketAsyncEventArgs.System.Threading.Tasks.Sources.IValueTaskSource<System.Int32>.GetResult(Int16 token)
   at System.Net.Security.SslStream.EnsureFullTlsFrameAsync[TIOAdapter](CancellationToken cancellationToken, Int32 estimatedSize)
   at System.Runtime.CompilerServices.PoolingAsyncValueTaskMethodBuilder`1.StateMachineBox`1.System.Threading.Tasks.Sources.IValueTaskSource<TResult>.GetResult(Int16 token)
   at System.Net.Security.SslStream.ReadAsyncInternal[TIOAdapter](Memory`1 buffer, CancellationToken cancellationToken)
   at System.Runtime.CompilerServices.PoolingAsyncValueTaskMethodBuilder`1.StateMachineBox`1.System.Threading.Tasks.Sources.IValueTaskSource<TResult>.GetResult(Int16 token)
   at System.Net.Http.HttpConnection.SendAsync(HttpRequestMessage request, Boolean async, CancellationToken cancellationToken)
   --- End of inner exception stack trace ---
   at System.Net.Http.HttpConnection.SendAsync(HttpRequestMessage request, Boolean async, CancellationToken cancellationToken)
   at System.Net.Http.AuthenticationHelper.SendWithNtAuthAsync(HttpRequestMessage request, Uri authUri, Boolean async, ICredentials credentials, Boolean isProxyAuth, HttpConnection connection, HttpConnectionPool connectionPool, CancellationToken cancellationToken)
   at System.Net.Http.HttpConnectionPool.SendWithVersionDetectionAndRetryAsync(HttpRequestMessage request, Boolean async, Boolean doRequestAuth, CancellationToken cancellationToken)
   at System.Net.Http.AuthenticationHelper.SendWithAuthAsync(HttpRequestMessage request, Uri authUri, Boolean async, ICredentials credentials, Boolean preAuthenticate, Boolean isProxyAuth, Boolean doRequestAuth, HttpConnectionPool pool, CancellationToken cancellationToken)
   at System.Net.Http.RedirectHandler.SendAsync(HttpRequestMessage request, Boolean async, CancellationToken cancellationToken)
   at GitHub.Services.Common.RawHttpMessageHandler.SendAsync(HttpRequestMessage request, CancellationToken cancellationToken)
   at GitHub.Services.Common.VssHttpRetryMessageHandler.SendAsync(HttpRequestMessage request, CancellationToken cancellationToken)
   at System.Net.Http.HttpClient.<SendAsync>g__Core|83_0(HttpRequestMessage request, HttpCompletionOption completionOption, CancellationTokenSource cts, Boolean disposeCts, CancellationTokenSource pendingRequestsCts, CancellationToken originalCancellationToken)
   --- End of inner exception stack trace ---
   at System.Net.Http.HttpClient.HandleFailure(Exception e, Boolean telemetryStarted, HttpResponseMessage response, CancellationTokenSource cts, CancellationToken cancellationToken, CancellationTokenSource pendingRequestsCts)
   at System.Net.Http.HttpClient.<SendAsync>g__Core|83_0(HttpRequestMessage request, HttpCompletionOption completionOption, CancellationTokenSource cts, Boolean disposeCts, CancellationTokenSource pendingRequestsCts, CancellationToken originalCancellationToken)
   at Sdk.WebApi.WebApi.RawHttpClientBase.SendAsync(HttpRequestMessage message, HttpCompletionOption completionOption, Object userState, CancellationToken cancellationToken)
   at Sdk.WebApi.WebApi.RawHttpClientBase.SendAsync[T](HttpRequestMessage message, Boolean readErrorBody, Object userState, CancellationToken cancellationToken)
   at Sdk.WebApi.WebApi.RawHttpClientBase.SendAsync[T](HttpMethod method, IEnumerable`1 additionalHeaders, Uri requestUri, HttpContent content, IEnumerable`1 queryParameters, Boolean readErrorBody, Object userState, CancellationToken cancellationToken)
   at GitHub.Actions.RunService.WebApi.BrokerHttpClient.GetRunnerMessageAsync(Nullable`1 sessionId, String runnerVersion, Nullable`1 status, String os, String architecture, Nullable`1 disableUpdate, CancellationToken cancellationToken)
   at GitHub.Runner.Common.BrokerServer.<>c__DisplayClass7_0.<<GetRunnerMessageAsync>b__0>d.MoveNext()
--- End of stack trace from previous location ---
   at GitHub.Runner.Common.RunnerService.RetryRequest[T](Func`1 func, CancellationToken cancellationToken, Int32 maxAttempts, Func`2 shouldRetry)
[2026-04-08 12:58:58Z ERR  BrokerServer] #####################################################
[2026-04-08 12:58:58Z ERR  BrokerServer] System.Threading.Tasks.TaskCanceledException: The operation was canceled.
 ---> System.IO.IOException: Unable to read data from the transport connection: 스레드 종료 또는 응용 프로그램 요청 때문에 I/O 작업이 취소되었습니다..
 ---> System.Net.Sockets.SocketException (995): 스레드 종료 또는 응용 프로그램 요청 때문에 I/O 작업이 취소되었습니다.
   --- End of inner exception stack trace ---
   at System.Net.Sockets.Socket.AwaitableSocketAsyncEventArgs.ThrowException(SocketError error, CancellationToken cancellationToken)
   at System.Net.Sockets.Socket.AwaitableSocketAsyncEventArgs.System.Threading.Tasks.Sources.IValueTaskSource<System.Int32>.GetResult(Int16 token)
   at System.Net.Security.SslStream.EnsureFullTlsFrameAsync[TIOAdapter](CancellationToken cancellationToken, Int32 estimatedSize)
   at System.Runtime.CompilerServices.PoolingAsyncValueTaskMethodBuilder`1.StateMachineBox`1.System.Threading.Tasks.Sources.IValueTaskSource<TResult>.GetResult(Int16 token)
   at System.Net.Security.SslStream.ReadAsyncInternal[TIOAdapter](Memory`1 buffer, CancellationToken cancellationToken)
   at System.Runtime.CompilerServices.PoolingAsyncValueTaskMethodBuilder`1.StateMachineBox`1.System.Threading.Tasks.Sources.IValueTaskSource<TResult>.GetResult(Int16 token)
   at System.Net.Http.HttpConnection.SendAsync(HttpRequestMessage request, Boolean async, CancellationToken cancellationToken)
   --- End of inner exception stack trace ---
   at System.Net.Http.HttpConnection.SendAsync(HttpRequestMessage request, Boolean async, CancellationToken cancellationToken)
   at System.Net.Http.AuthenticationHelper.SendWithNtAuthAsync(HttpRequestMessage request, Uri authUri, Boolean async, ICredentials credentials, Boolean isProxyAuth, HttpConnection connection, HttpConnectionPool connectionPool, CancellationToken cancellationToken)
   at System.Net.Http.HttpConnectionPool.SendWithVersionDetectionAndRetryAsync(HttpRequestMessage request, Boolean async, Boolean doRequestAuth, CancellationToken cancellationToken)
   at System.Net.Http.AuthenticationHelper.SendWithAuthAsync(HttpRequestMessage request, Uri authUri, Boolean async, ICredentials credentials, Boolean preAuthenticate, Boolean isProxyAuth, Boolean doRequestAuth, HttpConnectionPool pool, CancellationToken cancellationToken)
   at System.Net.Http.RedirectHandler.SendAsync(HttpRequestMessage request, Boolean async, CancellationToken cancellationToken)
   at GitHub.Services.Common.RawHttpMessageHandler.SendAsync(HttpRequestMessage request, CancellationToken cancellationToken)
   at GitHub.Services.Common.VssHttpRetryMessageHandler.SendAsync(HttpRequestMessage request, CancellationToken cancellationToken)
   at System.Net.Http.HttpClient.<SendAsync>g__Core|83_0(HttpRequestMessage request, HttpCompletionOption completionOption, CancellationTokenSource cts, Boolean disposeCts, CancellationTokenSource pendingRequestsCts, CancellationToken originalCancellationToken)
[2026-04-08 12:58:58Z ERR  BrokerServer] #####################################################
[2026-04-08 12:58:58Z ERR  BrokerServer] System.IO.IOException: Unable to read data from the transport connection: 스레드 종료 또는 응용 프로그램 요청 때문에 I/O 작업이 취소되었습니다..
 ---> System.Net.Sockets.SocketException (995): 스레드 종료 또는 응용 프로그램 요청 때문에 I/O 작업이 취소되었습니다.
   --- End of inner exception stack trace ---
   at System.Net.Sockets.Socket.AwaitableSocketAsyncEventArgs.ThrowException(SocketError error, CancellationToken cancellationToken)
   at System.Net.Sockets.Socket.AwaitableSocketAsyncEventArgs.System.Threading.Tasks.Sources.IValueTaskSource<System.Int32>.GetResult(Int16 token)
   at System.Net.Security.SslStream.EnsureFullTlsFrameAsync[TIOAdapter](CancellationToken cancellationToken, Int32 estimatedSize)
   at System.Runtime.CompilerServices.PoolingAsyncValueTaskMethodBuilder`1.StateMachineBox`1.System.Threading.Tasks.Sources.IValueTaskSource<TResult>.GetResult(Int16 token)
   at System.Net.Security.SslStream.ReadAsyncInternal[TIOAdapter](Memory`1 buffer, CancellationToken cancellationToken)
   at System.Runtime.CompilerServices.PoolingAsyncValueTaskMethodBuilder`1.StateMachineBox`1.System.Threading.Tasks.Sources.IValueTaskSource<TResult>.GetResult(Int16 token)
   at System.Net.Http.HttpConnection.SendAsync(HttpRequestMessage request, Boolean async, CancellationToken cancellationToken)
[2026-04-08 12:58:58Z ERR  BrokerServer] #####################################################
[2026-04-08 12:58:58Z ERR  BrokerServer] System.Net.Sockets.SocketException (995): 스레드 종료 또는 응용 프로그램 요청 때문에 I/O 작업이 취소되었습니다.
[2026-04-08 12:58:58Z WARN BrokerServer] Back off 12.362 seconds before next retry. 4 attempt left.
[2026-04-08 12:58:58Z INFO BrokerMessageListener] Get messages has been cancelled using local token source. Continue to get messages with new status.
